{"/Users/nazymguliyev/Documents/projects/hexlet/backend-project-lvl2/src/gendiff.js": {"path":"/Users/nazymguliyev/Documents/projects/hexlet/backend-project-lvl2/src/gendiff.js","statementMap":{"0":{"start":{"line":5,"column":23},"end":{"line":45,"column":1}},"1":{"start":{"line":6,"column":17},"end":{"line":6,"column":50}},"2":{"start":{"line":7,"column":16},"end":{"line":7,"column":49}},"3":{"start":{"line":8,"column":15},"end":{"line":42,"column":3}},"4":{"start":{"line":9,"column":17},"end":{"line":9,"column":64}},"5":{"start":{"line":10,"column":19},"end":{"line":40,"column":6}},"6":{"start":{"line":11,"column":21},"end":{"line":11,"column":31}},"7":{"start":{"line":12,"column":21},"end":{"line":12,"column":31}},"8":{"start":{"line":14,"column":6},"end":{"line":18,"column":7}},"9":{"start":{"line":15,"column":8},"end":{"line":17,"column":10}},"10":{"start":{"line":19,"column":6},"end":{"line":23,"column":7}},"11":{"start":{"line":20,"column":8},"end":{"line":22,"column":10}},"12":{"start":{"line":25,"column":6},"end":{"line":29,"column":7}},"13":{"start":{"line":26,"column":8},"end":{"line":28,"column":10}},"14":{"start":{"line":31,"column":6},"end":{"line":35,"column":7}},"15":{"start":{"line":32,"column":8},"end":{"line":34,"column":10}},"16":{"start":{"line":37,"column":6},"end":{"line":39,"column":8}},"17":{"start":{"line":41,"column":4},"end":{"line":41,"column":18}},"18":{"start":{"line":44,"column":2},"end":{"line":44,"column":29}}},"fnMap":{"0":{"name":"(anonymous_0)","decl":{"start":{"line":5,"column":23},"end":{"line":5,"column":24}},"loc":{"start":{"line":5,"column":49},"end":{"line":45,"column":1}},"line":5},"1":{"name":"(anonymous_1)","decl":{"start":{"line":8,"column":15},"end":{"line":8,"column":16}},"loc":{"start":{"line":8,"column":33},"end":{"line":42,"column":3}},"line":8},"2":{"name":"(anonymous_2)","decl":{"start":{"line":10,"column":28},"end":{"line":10,"column":29}},"loc":{"start":{"line":10,"column":37},"end":{"line":40,"column":5}},"line":10}},"branchMap":{"0":{"loc":{"start":{"line":14,"column":6},"end":{"line":18,"column":7}},"type":"if","locations":[{"start":{"line":14,"column":6},"end":{"line":18,"column":7}},{"start":{},"end":{}}],"line":14},"1":{"loc":{"start":{"line":14,"column":10},"end":{"line":14,"column":49}},"type":"binary-expr","locations":[{"start":{"line":14,"column":10},"end":{"line":14,"column":27}},{"start":{"line":14,"column":31},"end":{"line":14,"column":49}}],"line":14},"2":{"loc":{"start":{"line":19,"column":6},"end":{"line":23,"column":7}},"type":"if","locations":[{"start":{"line":19,"column":6},"end":{"line":23,"column":7}},{"start":{},"end":{}}],"line":19},"3":{"loc":{"start":{"line":19,"column":10},"end":{"line":19,"column":49}},"type":"binary-expr","locations":[{"start":{"line":19,"column":10},"end":{"line":19,"column":28}},{"start":{"line":19,"column":32},"end":{"line":19,"column":49}}],"line":19},"4":{"loc":{"start":{"line":25,"column":6},"end":{"line":29,"column":7}},"type":"if","locations":[{"start":{"line":25,"column":6},"end":{"line":29,"column":7}},{"start":{},"end":{}}],"line":25},"5":{"loc":{"start":{"line":25,"column":10},"end":{"line":25,"column":60}},"type":"binary-expr","locations":[{"start":{"line":25,"column":10},"end":{"line":25,"column":33}},{"start":{"line":25,"column":37},"end":{"line":25,"column":60}}],"line":25},"6":{"loc":{"start":{"line":31,"column":6},"end":{"line":35,"column":7}},"type":"if","locations":[{"start":{"line":31,"column":6},"end":{"line":35,"column":7}},{"start":{},"end":{}}],"line":31}},"s":{"0":1,"1":1,"2":1,"3":1,"4":5,"5":5,"6":18,"7":18,"8":18,"9":2,"10":16,"11":5,"12":11,"13":4,"14":7,"15":4,"16":3,"17":5,"18":1},"f":{"0":1,"1":5,"2":18},"b":{"0":[2,16],"1":[18,13],"2":[5,11],"3":[16,5],"4":[4,7],"5":[11,5],"6":[4,3]},"_coverageSchema":"1a1c01bbd47fc00a2c39e90264f33305004495a9","hash":"05ec2ea26044bb749e3e25fd21188ff202b9bbb9"}
,"/Users/nazymguliyev/Documents/projects/hexlet/backend-project-lvl2/src/parsers.js": {"path":"/Users/nazymguliyev/Documents/projects/hexlet/backend-project-lvl2/src/parsers.js","statementMap":{"0":{"start":{"line":4,"column":24},"end":{"line":11,"column":1}},"1":{"start":{"line":5,"column":20},"end":{"line":5,"column":86}},"2":{"start":{"line":6,"column":18},"end":{"line":6,"column":40}},"3":{"start":{"line":7,"column":2},"end":{"line":9,"column":3}},"4":{"start":{"line":8,"column":4},"end":{"line":8,"column":30}},"5":{"start":{"line":10,"column":2},"end":{"line":10,"column":29}}},"fnMap":{"0":{"name":"(anonymous_0)","decl":{"start":{"line":4,"column":24},"end":{"line":4,"column":25}},"loc":{"start":{"line":4,"column":38},"end":{"line":11,"column":1}},"line":4}},"branchMap":{"0":{"loc":{"start":{"line":7,"column":2},"end":{"line":9,"column":3}},"type":"if","locations":[{"start":{"line":7,"column":2},"end":{"line":9,"column":3}},{"start":{},"end":{}}],"line":7},"1":{"loc":{"start":{"line":7,"column":6},"end":{"line":7,"column":47}},"type":"binary-expr","locations":[{"start":{"line":7,"column":6},"end":{"line":7,"column":25}},{"start":{"line":7,"column":29},"end":{"line":7,"column":47}}],"line":7}},"s":{"0":1,"1":2,"2":2,"3":2,"4":0,"5":2},"f":{"0":2},"b":{"0":[0,2],"1":[2,2]},"_coverageSchema":"1a1c01bbd47fc00a2c39e90264f33305004495a9","hash":"62cdb1279663197fc48bc69ec7f04a5b9901f063"}
,"/Users/nazymguliyev/Documents/projects/hexlet/backend-project-lvl2/src/formater/format.js": {"path":"/Users/nazymguliyev/Documents/projects/hexlet/backend-project-lvl2/src/formater/format.js","statementMap":{"0":{"start":{"line":5,"column":22},"end":{"line":15,"column":1}},"1":{"start":{"line":6,"column":2},"end":{"line":8,"column":3}},"2":{"start":{"line":7,"column":4},"end":{"line":7,"column":25}},"3":{"start":{"line":9,"column":2},"end":{"line":11,"column":3}},"4":{"start":{"line":10,"column":4},"end":{"line":10,"column":23}},"5":{"start":{"line":12,"column":2},"end":{"line":14,"column":3}},"6":{"start":{"line":13,"column":4},"end":{"line":13,"column":22}}},"fnMap":{"0":{"name":"(anonymous_0)","decl":{"start":{"line":5,"column":22},"end":{"line":5,"column":23}},"loc":{"start":{"line":5,"column":40},"end":{"line":15,"column":1}},"line":5}},"branchMap":{"0":{"loc":{"start":{"line":6,"column":2},"end":{"line":8,"column":3}},"type":"if","locations":[{"start":{"line":6,"column":2},"end":{"line":8,"column":3}},{"start":{},"end":{}}],"line":6},"1":{"loc":{"start":{"line":9,"column":2},"end":{"line":11,"column":3}},"type":"if","locations":[{"start":{"line":9,"column":2},"end":{"line":11,"column":3}},{"start":{},"end":{}}],"line":9},"2":{"loc":{"start":{"line":12,"column":2},"end":{"line":14,"column":3}},"type":"if","locations":[{"start":{"line":12,"column":2},"end":{"line":14,"column":3}},{"start":{},"end":{}}],"line":12}},"s":{"0":1,"1":1,"2":1,"3":0,"4":0,"5":0,"6":0},"f":{"0":1},"b":{"0":[1,0],"1":[0,0],"2":[0,0]},"_coverageSchema":"1a1c01bbd47fc00a2c39e90264f33305004495a9","hash":"add2c8f0c15fd4942e03d9842c1e194a1da17c02"}
,"/Users/nazymguliyev/Documents/projects/hexlet/backend-project-lvl2/src/formater/json.js": {"path":"/Users/nazymguliyev/Documents/projects/hexlet/backend-project-lvl2/src/formater/json.js","statementMap":{"0":{"start":{"line":1,"column":25},"end":{"line":1,"column":54}}},"fnMap":{"0":{"name":"(anonymous_0)","decl":{"start":{"line":1,"column":15},"end":{"line":1,"column":16}},"loc":{"start":{"line":1,"column":25},"end":{"line":1,"column":54}},"line":1}},"branchMap":{},"s":{"0":0},"f":{"0":0},"b":{},"_coverageSchema":"1a1c01bbd47fc00a2c39e90264f33305004495a9","hash":"b0976374ac96d5f85c31b64de2a5c2dc07e34834"}
,"/Users/nazymguliyev/Documents/projects/hexlet/backend-project-lvl2/src/formater/plain.js": {"path":"/Users/nazymguliyev/Documents/projects/hexlet/backend-project-lvl2/src/formater/plain.js","statementMap":{"0":{"start":{"line":3,"column":25},"end":{"line":8,"column":1}},"1":{"start":{"line":4,"column":2},"end":{"line":6,"column":3}},"2":{"start":{"line":5,"column":4},"end":{"line":5,"column":15}},"3":{"start":{"line":7,"column":2},"end":{"line":7,"column":35}},"4":{"start":{"line":10,"column":19},"end":{"line":18,"column":1}},"5":{"start":{"line":11,"column":2},"end":{"line":13,"column":3}},"6":{"start":{"line":12,"column":4},"end":{"line":12,"column":29}},"7":{"start":{"line":14,"column":2},"end":{"line":16,"column":3}},"8":{"start":{"line":15,"column":4},"end":{"line":15,"column":17}},"9":{"start":{"line":17,"column":2},"end":{"line":17,"column":15}},"10":{"start":{"line":19,"column":21},"end":{"line":57,"column":1}},"11":{"start":{"line":20,"column":15},"end":{"line":47,"column":3}},"12":{"start":{"line":21,"column":19},"end":{"line":45,"column":6}},"13":{"start":{"line":24,"column":10},"end":{"line":24,"column":14}},"14":{"start":{"line":25,"column":31},"end":{"line":25,"column":67}},"15":{"start":{"line":26,"column":30},"end":{"line":26,"column":48}},"16":{"start":{"line":27,"column":30},"end":{"line":27,"column":48}},"17":{"start":{"line":29,"column":6},"end":{"line":31,"column":7}},"18":{"start":{"line":30,"column":8},"end":{"line":30,"column":105}},"19":{"start":{"line":32,"column":6},"end":{"line":34,"column":7}},"20":{"start":{"line":33,"column":8},"end":{"line":33,"column":58}},"21":{"start":{"line":35,"column":6},"end":{"line":37,"column":7}},"22":{"start":{"line":36,"column":8},"end":{"line":36,"column":87}},"23":{"start":{"line":39,"column":6},"end":{"line":41,"column":7}},"24":{"start":{"line":40,"column":8},"end":{"line":40,"column":46}},"25":{"start":{"line":42,"column":6},"end":{"line":44,"column":7}},"26":{"start":{"line":46,"column":4},"end":{"line":46,"column":18}},"27":{"start":{"line":49,"column":16},"end":{"line":49,"column":36}},"28":{"start":{"line":50,"column":17},"end":{"line":50,"column":19}},"29":{"start":{"line":51,"column":2},"end":{"line":55,"column":3}},"30":{"start":{"line":52,"column":4},"end":{"line":54,"column":5}},"31":{"start":{"line":53,"column":6},"end":{"line":53,"column":24}},"32":{"start":{"line":56,"column":2},"end":{"line":56,"column":27}}},"fnMap":{"0":{"name":"(anonymous_0)","decl":{"start":{"line":3,"column":25},"end":{"line":3,"column":26}},"loc":{"start":{"line":3,"column":49},"end":{"line":8,"column":1}},"line":3},"1":{"name":"(anonymous_1)","decl":{"start":{"line":10,"column":19},"end":{"line":10,"column":20}},"loc":{"start":{"line":10,"column":30},"end":{"line":18,"column":1}},"line":10},"2":{"name":"(anonymous_2)","decl":{"start":{"line":19,"column":21},"end":{"line":19,"column":22}},"loc":{"start":{"line":19,"column":37},"end":{"line":57,"column":1}},"line":19},"3":{"name":"(anonymous_3)","decl":{"start":{"line":20,"column":15},"end":{"line":20,"column":16}},"loc":{"start":{"line":20,"column":39},"end":{"line":47,"column":3}},"line":20},"4":{"name":"(anonymous_4)","decl":{"start":{"line":21,"column":31},"end":{"line":21,"column":32}},"loc":{"start":{"line":21,"column":41},"end":{"line":45,"column":5}},"line":21}},"branchMap":{"0":{"loc":{"start":{"line":4,"column":2},"end":{"line":6,"column":3}},"type":"if","locations":[{"start":{"line":4,"column":2},"end":{"line":6,"column":3}},{"start":{},"end":{}}],"line":4},"1":{"loc":{"start":{"line":11,"column":2},"end":{"line":13,"column":3}},"type":"if","locations":[{"start":{"line":11,"column":2},"end":{"line":13,"column":3}},{"start":{},"end":{}}],"line":11},"2":{"loc":{"start":{"line":14,"column":2},"end":{"line":16,"column":3}},"type":"if","locations":[{"start":{"line":14,"column":2},"end":{"line":16,"column":3}},{"start":{},"end":{}}],"line":14},"3":{"loc":{"start":{"line":29,"column":6},"end":{"line":31,"column":7}},"type":"if","locations":[{"start":{"line":29,"column":6},"end":{"line":31,"column":7}},{"start":{},"end":{}}],"line":29},"4":{"loc":{"start":{"line":32,"column":6},"end":{"line":34,"column":7}},"type":"if","locations":[{"start":{"line":32,"column":6},"end":{"line":34,"column":7}},{"start":{},"end":{}}],"line":32},"5":{"loc":{"start":{"line":35,"column":6},"end":{"line":37,"column":7}},"type":"if","locations":[{"start":{"line":35,"column":6},"end":{"line":37,"column":7}},{"start":{},"end":{}}],"line":35},"6":{"loc":{"start":{"line":39,"column":6},"end":{"line":41,"column":7}},"type":"if","locations":[{"start":{"line":39,"column":6},"end":{"line":41,"column":7}},{"start":{},"end":{}}],"line":39},"7":{"loc":{"start":{"line":42,"column":6},"end":{"line":44,"column":7}},"type":"if","locations":[{"start":{"line":42,"column":6},"end":{"line":44,"column":7}},{"start":{},"end":{}}],"line":42},"8":{"loc":{"start":{"line":52,"column":4},"end":{"line":54,"column":5}},"type":"if","locations":[{"start":{"line":52,"column":4},"end":{"line":54,"column":5}},{"start":{},"end":{}}],"line":52}},"s":{"0":1,"1":0,"2":0,"3":0,"4":1,"5":0,"6":0,"7":0,"8":0,"9":0,"10":1,"11":0,"12":0,"13":0,"14":0,"15":0,"16":0,"17":0,"18":0,"19":0,"20":0,"21":0,"22":0,"23":0,"24":0,"25":0,"26":0,"27":0,"28":0,"29":0,"30":0,"31":0,"32":0},"f":{"0":0,"1":0,"2":0,"3":0,"4":0},"b":{"0":[0,0],"1":[0,0],"2":[0,0],"3":[0,0],"4":[0,0],"5":[0,0],"6":[0,0],"7":[0,0],"8":[0,0]},"_coverageSchema":"1a1c01bbd47fc00a2c39e90264f33305004495a9","hash":"45d0f053faa0c0813009172b7879660b8d6860c4"}
,"/Users/nazymguliyev/Documents/projects/hexlet/backend-project-lvl2/src/formater/stylish.js": {"path":"/Users/nazymguliyev/Documents/projects/hexlet/backend-project-lvl2/src/formater/stylish.js","statementMap":{"0":{"start":{"line":3,"column":18},"end":{"line":23,"column":1}},"1":{"start":{"line":4,"column":15},"end":{"line":20,"column":3}},"2":{"start":{"line":5,"column":4},"end":{"line":7,"column":5}},"3":{"start":{"line":6,"column":6},"end":{"line":6,"column":31}},"4":{"start":{"line":8,"column":23},"end":{"line":8,"column":42}},"5":{"start":{"line":9,"column":26},"end":{"line":9,"column":53}},"6":{"start":{"line":10,"column":26},"end":{"line":10,"column":67}},"7":{"start":{"line":11,"column":18},"end":{"line":13,"column":77}},"8":{"start":{"line":13,"column":27},"end":{"line":13,"column":76}},"9":{"start":{"line":15,"column":4},"end":{"line":19,"column":17}},"10":{"start":{"line":22,"column":2},"end":{"line":22,"column":28}},"11":{"start":{"line":25,"column":16},"end":{"line":66,"column":1}},"12":{"start":{"line":26,"column":15},"end":{"line":62,"column":3}},"13":{"start":{"line":27,"column":19},"end":{"line":60,"column":6}},"14":{"start":{"line":28,"column":23},"end":{"line":28,"column":26}},"15":{"start":{"line":29,"column":25},"end":{"line":29,"column":26}},"16":{"start":{"line":30,"column":25},"end":{"line":30,"column":43}},"17":{"start":{"line":31,"column":28},"end":{"line":31,"column":59}},"18":{"start":{"line":32,"column":28},"end":{"line":32,"column":55}},"19":{"start":{"line":35,"column":10},"end":{"line":35,"column":14}},"20":{"start":{"line":36,"column":6},"end":{"line":38,"column":7}},"21":{"start":{"line":37,"column":8},"end":{"line":37,"column":75}},"22":{"start":{"line":40,"column":6},"end":{"line":45,"column":7}},"23":{"start":{"line":41,"column":8},"end":{"line":44,"column":10}},"24":{"start":{"line":46,"column":6},"end":{"line":48,"column":7}},"25":{"start":{"line":47,"column":8},"end":{"line":47,"column":75}},"26":{"start":{"line":49,"column":6},"end":{"line":51,"column":7}},"27":{"start":{"line":50,"column":8},"end":{"line":50,"column":75}},"28":{"start":{"line":53,"column":6},"end":{"line":59,"column":7}},"29":{"start":{"line":54,"column":8},"end":{"line":58,"column":10}},"30":{"start":{"line":61,"column":4},"end":{"line":61,"column":18}},"31":{"start":{"line":64,"column":16},"end":{"line":64,"column":35}},"32":{"start":{"line":65,"column":2},"end":{"line":65,"column":30}},"33":{"start":{"line":68,"column":25},"end":{"line":68,"column":49}}},"fnMap":{"0":{"name":"(anonymous_0)","decl":{"start":{"line":3,"column":18},"end":{"line":3,"column":19}},"loc":{"start":{"line":3,"column":69},"end":{"line":23,"column":1}},"line":3},"1":{"name":"(anonymous_1)","decl":{"start":{"line":4,"column":15},"end":{"line":4,"column":16}},"loc":{"start":{"line":4,"column":40},"end":{"line":20,"column":3}},"line":4},"2":{"name":"(anonymous_2)","decl":{"start":{"line":13,"column":11},"end":{"line":13,"column":12}},"loc":{"start":{"line":13,"column":27},"end":{"line":13,"column":76}},"line":13},"3":{"name":"(anonymous_3)","decl":{"start":{"line":25,"column":16},"end":{"line":25,"column":17}},"loc":{"start":{"line":25,"column":32},"end":{"line":66,"column":1}},"line":25},"4":{"name":"(anonymous_4)","decl":{"start":{"line":26,"column":15},"end":{"line":26,"column":16}},"loc":{"start":{"line":26,"column":31},"end":{"line":62,"column":3}},"line":26},"5":{"name":"(anonymous_5)","decl":{"start":{"line":27,"column":31},"end":{"line":27,"column":32}},"loc":{"start":{"line":27,"column":41},"end":{"line":60,"column":5}},"line":27},"6":{"name":"(anonymous_6)","decl":{"start":{"line":68,"column":15},"end":{"line":68,"column":16}},"loc":{"start":{"line":68,"column":25},"end":{"line":68,"column":49}},"line":68}},"branchMap":{"0":{"loc":{"start":{"line":3,"column":33},"end":{"line":3,"column":47}},"type":"default-arg","locations":[{"start":{"line":3,"column":44},"end":{"line":3,"column":47}}],"line":3},"1":{"loc":{"start":{"line":3,"column":49},"end":{"line":3,"column":64}},"type":"default-arg","locations":[{"start":{"line":3,"column":63},"end":{"line":3,"column":64}}],"line":3},"2":{"loc":{"start":{"line":5,"column":4},"end":{"line":7,"column":5}},"type":"if","locations":[{"start":{"line":5,"column":4},"end":{"line":7,"column":5}},{"start":{},"end":{}}],"line":5},"3":{"loc":{"start":{"line":36,"column":6},"end":{"line":38,"column":7}},"type":"if","locations":[{"start":{"line":36,"column":6},"end":{"line":38,"column":7}},{"start":{},"end":{}}],"line":36},"4":{"loc":{"start":{"line":40,"column":6},"end":{"line":45,"column":7}},"type":"if","locations":[{"start":{"line":40,"column":6},"end":{"line":45,"column":7}},{"start":{},"end":{}}],"line":40},"5":{"loc":{"start":{"line":46,"column":6},"end":{"line":48,"column":7}},"type":"if","locations":[{"start":{"line":46,"column":6},"end":{"line":48,"column":7}},{"start":{},"end":{}}],"line":46},"6":{"loc":{"start":{"line":49,"column":6},"end":{"line":51,"column":7}},"type":"if","locations":[{"start":{"line":49,"column":6},"end":{"line":51,"column":7}},{"start":{},"end":{}}],"line":49},"7":{"loc":{"start":{"line":53,"column":6},"end":{"line":59,"column":7}},"type":"if","locations":[{"start":{"line":53,"column":6},"end":{"line":59,"column":7}},{"start":{},"end":{}}],"line":53}},"s":{"0":1,"1":18,"2":27,"3":20,"4":7,"5":7,"6":7,"7":7,"8":9,"9":7,"10":18,"11":1,"12":1,"13":5,"14":18,"15":18,"16":18,"17":18,"18":18,"19":18,"20":18,"21":3,"22":15,"23":4,"24":11,"25":2,"26":9,"27":5,"28":4,"29":4,"30":5,"31":1,"32":1,"33":1},"f":{"0":18,"1":27,"2":9,"3":1,"4":5,"5":18,"6":1},"b":{"0":[18],"1":[18],"2":[20,7],"3":[3,15],"4":[4,11],"5":[2,9],"6":[5,4],"7":[4,0]},"_coverageSchema":"1a1c01bbd47fc00a2c39e90264f33305004495a9","hash":"e2271abe4cc1edf9fa212664a872c67f23fdd3fc"}
}
