TN:
SF:src/gendiff.js
FN:5,(anonymous_0)
FN:8,(anonymous_1)
FN:10,(anonymous_2)
FNF:3
FNH:3
FNDA:1,(anonymous_0)
FNDA:5,(anonymous_1)
FNDA:18,(anonymous_2)
DA:5,1
DA:6,1
DA:7,1
DA:8,1
DA:9,5
DA:10,5
DA:11,18
DA:12,18
DA:14,18
DA:15,2
DA:19,16
DA:20,5
DA:25,11
DA:26,4
DA:31,7
DA:32,4
DA:37,3
DA:41,5
DA:44,1
LF:19
LH:19
BRDA:14,0,0,2
BRDA:14,0,1,16
BRDA:14,1,0,18
BRDA:14,1,1,13
BRDA:19,2,0,5
BRDA:19,2,1,11
BRDA:19,3,0,16
BRDA:19,3,1,5
BRDA:25,4,0,4
BRDA:25,4,1,7
BRDA:25,5,0,11
BRDA:25,5,1,5
BRDA:31,6,0,4
BRDA:31,6,1,3
BRF:14
BRH:14
end_of_record
TN:
SF:src/parsers.js
FN:4,(anonymous_0)
FNF:1
FNH:1
FNDA:2,(anonymous_0)
DA:4,1
DA:5,2
DA:6,2
DA:7,2
DA:8,0
DA:10,2
LF:6
LH:5
BRDA:7,0,0,0
BRDA:7,0,1,2
BRDA:7,1,0,2
BRDA:7,1,1,2
BRF:4
BRH:3
end_of_record
TN:
SF:src/formater/format.js
FN:5,(anonymous_0)
FNF:1
FNH:1
FNDA:1,(anonymous_0)
DA:5,1
DA:6,1
DA:7,1
DA:9,0
DA:10,0
DA:12,0
DA:13,0
LF:7
LH:3
BRDA:6,0,0,1
BRDA:6,0,1,0
BRDA:9,1,0,0
BRDA:9,1,1,0
BRDA:12,2,0,0
BRDA:12,2,1,0
BRF:6
BRH:1
end_of_record
TN:
SF:src/formater/json.js
FN:1,(anonymous_0)
FNF:1
FNH:0
FNDA:0,(anonymous_0)
DA:1,0
LF:1
LH:0
BRF:0
BRH:0
end_of_record
TN:
SF:src/formater/plain.js
FN:3,(anonymous_0)
FN:10,(anonymous_1)
FN:19,(anonymous_2)
FN:20,(anonymous_3)
FN:21,(anonymous_4)
FNF:5
FNH:0
FNDA:0,(anonymous_0)
FNDA:0,(anonymous_1)
FNDA:0,(anonymous_2)
FNDA:0,(anonymous_3)
FNDA:0,(anonymous_4)
DA:3,1
DA:4,0
DA:5,0
DA:7,0
DA:10,1
DA:11,0
DA:12,0
DA:14,0
DA:15,0
DA:17,0
DA:19,1
DA:20,0
DA:21,0
DA:24,0
DA:25,0
DA:26,0
DA:27,0
DA:29,0
DA:30,0
DA:32,0
DA:33,0
DA:35,0
DA:36,0
DA:39,0
DA:40,0
DA:42,0
DA:46,0
DA:49,0
DA:50,0
DA:51,0
DA:52,0
DA:53,0
DA:56,0
LF:33
LH:3
BRDA:4,0,0,0
BRDA:4,0,1,0
BRDA:11,1,0,0
BRDA:11,1,1,0
BRDA:14,2,0,0
BRDA:14,2,1,0
BRDA:29,3,0,0
BRDA:29,3,1,0
BRDA:32,4,0,0
BRDA:32,4,1,0
BRDA:35,5,0,0
BRDA:35,5,1,0
BRDA:39,6,0,0
BRDA:39,6,1,0
BRDA:42,7,0,0
BRDA:42,7,1,0
BRDA:52,8,0,0
BRDA:52,8,1,0
BRF:18
BRH:0
end_of_record
TN:
SF:src/formater/stylish.js
FN:3,(anonymous_0)
FN:4,(anonymous_1)
FN:13,(anonymous_2)
FN:25,(anonymous_3)
FN:26,(anonymous_4)
FN:27,(anonymous_5)
FN:68,(anonymous_6)
FNF:7
FNH:7
FNDA:18,(anonymous_0)
FNDA:27,(anonymous_1)
FNDA:9,(anonymous_2)
FNDA:1,(anonymous_3)
FNDA:5,(anonymous_4)
FNDA:18,(anonymous_5)
FNDA:1,(anonymous_6)
DA:3,1
DA:4,18
DA:5,27
DA:6,20
DA:8,7
DA:9,7
DA:10,7
DA:11,7
DA:13,9
DA:15,7
DA:22,18
DA:25,1
DA:26,1
DA:27,5
DA:28,18
DA:29,18
DA:30,18
DA:31,18
DA:32,18
DA:35,18
DA:36,18
DA:37,3
DA:40,15
DA:41,4
DA:46,11
DA:47,2
DA:49,9
DA:50,5
DA:53,4
DA:54,4
DA:61,5
DA:64,1
DA:65,1
DA:68,1
LF:34
LH:34
BRDA:3,0,0,18
BRDA:3,1,0,18
BRDA:5,2,0,20
BRDA:5,2,1,7
BRDA:36,3,0,3
BRDA:36,3,1,15
BRDA:40,4,0,4
BRDA:40,4,1,11
BRDA:46,5,0,2
BRDA:46,5,1,9
BRDA:49,6,0,5
BRDA:49,6,1,4
BRDA:53,7,0,4
BRDA:53,7,1,0
BRF:14
BRH:13
end_of_record
