TN:
SF:src/gendiff.js
FN:5,gendiff
FN:8,iter
FNF:2
FNH:2
FNDA:1,gendiff
FNDA:5,iter
DA:1,1
DA:2,1
DA:3,1
DA:4,1
DA:5,1
DA:6,1
DA:7,1
DA:8,1
DA:9,5
DA:10,5
DA:11,18
DA:12,18
DA:13,18
DA:14,18
DA:15,2
DA:16,2
DA:17,2
DA:18,2
DA:19,18
DA:20,5
DA:21,5
DA:22,5
DA:23,5
DA:24,18
DA:25,18
DA:26,4
DA:27,4
DA:28,4
DA:29,4
DA:30,18
DA:31,18
DA:32,4
DA:33,4
DA:34,4
DA:35,4
DA:36,18
DA:37,18
DA:38,18
DA:39,18
DA:40,18
DA:41,5
DA:42,5
DA:43,1
DA:44,1
DA:45,1
DA:46,1
DA:47,1
LF:47
LH:47
BRDA:5,0,0,1
BRDA:8,1,0,5
BRDA:10,2,0,18
BRDA:14,3,0,13
BRDA:14,4,0,2
BRDA:19,5,0,5
BRDA:19,6,0,5
BRDA:25,7,0,5
BRDA:25,8,0,4
BRDA:31,9,0,4
BRF:10
BRH:10
end_of_record
TN:
SF:src/parsers.js
FN:4,readData
FNF:1
FNH:1
FNDA:2,readData
DA:1,1
DA:2,1
DA:3,1
DA:4,1
DA:5,2
DA:6,2
DA:7,2
DA:8,0
DA:9,0
DA:10,2
DA:11,2
LF:11
LH:9
BRDA:4,0,0,2
BRDA:7,1,0,0
BRF:2
BRH:1
end_of_record
TN:
SF:src/formater/format.js
FN:5,format
FNF:1
FNH:1
FNDA:1,format
DA:1,1
DA:2,1
DA:3,1
DA:4,1
DA:5,1
DA:6,1
DA:7,1
DA:8,1
DA:9,1
DA:10,1
DA:11,1
DA:12,1
DA:13,1
DA:14,1
DA:15,1
DA:16,1
DA:17,1
LF:17
LH:17
BRDA:5,0,0,1
BRF:1
BRH:1
end_of_record
TN:
SF:src/formater/json.js
FN:1,default
FNF:1
FNH:0
FNDA:0,default
DA:1,1
LF:1
LH:1
BRF:0
BRH:0
end_of_record
TN:
SF:src/formater/plain.js
FN:3,collectionAssign
FN:10,checkValue
FN:19,plain
FNF:3
FNH:0
FNDA:0,collectionAssign
FNDA:0,checkValue
FNDA:0,plain
DA:1,1
DA:2,1
DA:3,1
DA:4,0
DA:5,0
DA:6,0
DA:7,0
DA:8,0
DA:9,1
DA:10,1
DA:11,0
DA:12,0
DA:13,0
DA:14,0
DA:15,0
DA:16,0
DA:17,0
DA:18,0
DA:19,1
DA:20,0
DA:21,0
DA:22,0
DA:23,0
DA:24,0
DA:25,0
DA:26,0
DA:27,0
DA:28,0
DA:29,0
DA:30,0
DA:31,0
DA:32,0
DA:33,0
DA:34,0
DA:35,0
DA:36,0
DA:37,0
DA:38,0
DA:39,0
DA:40,0
DA:41,0
DA:42,0
DA:43,0
DA:44,0
DA:45,0
DA:46,0
DA:47,0
DA:48,0
DA:49,0
DA:50,0
DA:51,0
DA:52,0
DA:53,0
DA:54,0
DA:55,0
DA:56,0
DA:57,0
DA:58,1
DA:59,1
LF:59
LH:8
BRF:0
BRH:0
end_of_record
TN:
SF:src/formater/stylish.js
FN:3,stringify
FN:4,iter
FN:25,stylish
FN:26,iter
FN:68,default
FNF:5
FNH:5
FNDA:18,stringify
FNDA:27,iter
FNDA:1,stylish
FNDA:5,iter
FNDA:1,default
DA:1,1
DA:2,1
DA:3,1
DA:4,18
DA:5,27
DA:6,20
DA:7,20
DA:8,27
DA:9,27
DA:10,27
DA:11,27
DA:12,27
DA:13,27
DA:14,27
DA:15,27
DA:16,27
DA:17,27
DA:18,27
DA:19,27
DA:20,27
DA:21,18
DA:22,18
DA:23,18
DA:24,1
DA:25,1
DA:26,1
DA:27,5
DA:28,18
DA:29,18
DA:30,18
DA:31,18
DA:32,18
DA:33,18
DA:34,18
DA:35,18
DA:36,18
DA:37,3
DA:38,3
DA:39,15
DA:40,18
DA:41,4
DA:42,4
DA:43,4
DA:44,4
DA:45,4
DA:46,18
DA:47,2
DA:48,2
DA:49,18
DA:50,5
DA:51,5
DA:52,4
DA:53,4
DA:54,4
DA:55,4
DA:56,4
DA:57,4
DA:58,4
DA:59,4
DA:60,18
DA:61,5
DA:62,5
DA:63,1
DA:64,1
DA:65,1
DA:66,1
DA:67,1
DA:68,1
LF:68
LH:68
BRDA:3,0,0,18
BRDA:4,1,0,27
BRDA:5,2,0,20
BRDA:13,3,0,9
BRDA:25,4,0,1
BRDA:26,5,0,5
BRDA:27,6,0,18
BRDA:36,7,0,3
BRDA:39,8,0,15
BRDA:40,9,0,4
BRDA:46,10,0,2
BRDA:49,11,0,5
BRDA:52,12,0,4
BRDA:68,13,0,1
BRF:14
BRH:14
end_of_record
